<?xml version="1.0" encoding="UTF-8"?>
<!-- Generated by org.testng.reporters.JUnitReportReporter -->
<testsuite skipped="0" hostname="DESKTOP-6SGILJT" name="com.TestCase.OrangeLogin_Testcase" tests="1" failures="0" timestamp="19 Jun 2020 17:09:29 GMT" time="26.301" errors="0">
  <testcase name="signup" time="26.301" classname="com.TestCase.OrangeLogin_Testcase"/>
</testsuite> <!-- com.TestCase.OrangeLogin_Testcase -->
