<?xml version="1.0" encoding="UTF-8"?>
<!-- Generated by org.testng.reporters.JUnitReportReporter -->
<testsuite skipped="0" hostname="DESKTOP-6SGILJT" name="com.TestCase.Login_Tescase" tests="1" failures="0" timestamp="19 Jun 2020 17:02:24 GMT" time="60.147" errors="0">
  <testcase name="signup" time="60.147" classname="com.TestCase.Login_Tescase"/>
</testsuite> <!-- com.TestCase.Login_Tescase -->
